#
# There is insufficient memory for the Java Runtime Environment to continue.
# Native memory allocation (mmap) failed to map 100663296 bytes for Failed to commit area from 0x00000000a1000000 to 0x00000000a7000000 of length 100663296.
# Possible reasons:
#   The system is out of physical RAM or swap space
#   The process is running with CompressedOops enabled, and the Java Heap may be blocking the growth of the native heap
# Possible solutions:
#   Reduce memory load on the system
#   Increase physical memory or swap space
#   Check if swap backing store is full
#   Decrease Java heap size (-Xmx/-Xms)
#   Decrease number of Java threads
#   Decrease Java thread stack sizes (-Xss)
#   Set larger code cache with -XX:ReservedCodeCacheSize=
# This output file may be truncated or incomplete.
#
#  Out of Memory Error (c:/BuildAgent/work/5ff2f6c26000d570/src/hotspot/os/windows/os_windows.cpp:3291), pid=952, tid=8276
#
# JRE version:  (11.0.5+10) (build )
# Java VM: OpenJDK 64-Bit Server VM (11.0.5+10-b520.38, mixed mode, aot, sharing, tiered, compressed oops, g1 gc, windows-amd64)
# No core dump will be written. Minidumps are not enabled by default on client versions of Windows
#

---------------  S U M M A R Y ------------

Command Line: org.jetbrains.git4idea.http.GitAskPassApp Username for 'https://github.com': 

Host: Intel(R) Core(TM) i7-6700HQ CPU @ 2.60GHz, 8 cores, 5G,  Windows 10 , 64 bit Build 17134 (10.0.17134.753)
Time: Fri Mar 13 20:11:57 2020 ?D1¨²¡À¨º¡Á?¨º¡À?? elapsed time: 0 seconds (0d 0h 0m 0s)

---------------  T H R E A D  ---------------

Current thread (0x000002246f77b000):  JavaThread "Unknown thread" [_thread_in_vm, id=8276, stack(0x00000067a7100000,0x00000067a7200000)]

Stack: [0x00000067a7100000,0x00000067a7200000]
Native frames: (J=compiled Java code, j=interpreted, Vv=VM code, C=native code)
V  [jvm.dll+0x5dcafa]
V  [jvm.dll+0x70e375]
V  [jvm.dll+0x70f898]
V  [jvm.dll+0x70ff63]
V  [jvm.dll+0x23e238]
V  [jvm.dll+0x5da1c4]
V  [jvm.dll+0x5cf265]
V  [jvm.dll+0x2fac3b]
V  [jvm.dll+0x2fabaa]
V  [jvm.dll+0x2faa82]
V  [jvm.dll+0x2ff956]
V  [jvm.dll+0x3480d3]
V  [jvm.dll+0x3487d6]
V  [jvm.dll+0x3481d3]
V  [jvm.dll+0x2d5548]
V  [jvm.dll+0x2d66e7]
V  [jvm.dll+0x6ed237]
V  [jvm.dll+0x6eea2c]
V  [jvm.dll+0x355849]
V  [jvm.dll+0x6d239e]
V  [jvm.dll+0x3be283]
V  [jvm.dll+0x3c0701]
C  [jli.dll+0x5363]
C  [ucrtbase.dll+0x1e3fe]
C  [KERNEL32.DLL+0x14034]
C  [ntdll.dll+0x73691]


---------------  P R O C E S S  ---------------

Threads class SMR info:
_java_thread_list=0x000002246d605700, length=0, elements={
}

Java Threads: ( => current thread )

Other Threads:
  0x000002246f7da000 GCTaskThread "GC Thread#0" [stack: 0x00000067a7200000,0x00000067a7300000] [id=9944]
  0x000002246f802000 ConcurrentGCThread "G1 Main Marker" [stack: 0x00000067a7300000,0x00000067a7400000] [id=10928]
  0x000002246f803800 ConcurrentGCThread "G1 Conc#0" [stack: 0x00000067a7400000,0x00000067a7500000] [id=13428]

[error occurred during error reporting (printing all threads), id 0xc0000005, EXCEPTION_ACCESS_VIOLATION (0xc0000005) at pc=0x00007fff139e5c17]

VM state:not at safepoint (not fully initialized)

VM Mutex/Monitor currently owned by a thread:  ([mutex/lock_event])
[0x000002246f778d90] Heap_lock - owner thread: 0x000002246f77b000

Heap address: 0x00000000a1000000, size: 1520 MB, Compressed Oops mode: Non-zero based: 0x00000000a1000000
Narrow klass base: 0x0000000000000000, Narrow klass shift: 0

GC Heap History (0 events):
No events

Deoptimization events (0 events):
No events

Classes redefined (0 events):
No events

Internal exceptions (0 events):
No events

Events (0 events):
No events


Dynamic libraries:
0x00007ff6b3d50000 - 0x00007ff6b3d5a000 	C:\Program Files\JetBrains\IntelliJ IDEA 2019.3.3\jbr\bin\java.exe
0x00007fff54640000 - 0x00007fff54821000 	C:\WINDOWS\SYSTEM32\ntdll.dll
0x00007fff53aa0000 - 0x00007fff53b51000 	C:\WINDOWS\System32\KERNEL32.DLL
0x00007fff51420000 - 0x00007fff51693000 	C:\WINDOWS\System32\KERNELBASE.dll
0x00007fff51890000 - 0x00007fff51988000 	C:\WINDOWS\System32\ucrtbase.dll
0x00007fff4b780000 - 0x00007fff4b799000 	C:\Program Files\JetBrains\IntelliJ IDEA 2019.3.3\jbr\bin\jli.dll
0x00007fff53780000 - 0x00007fff53911000 	C:\WINDOWS\System32\USER32.dll
0x00007fff51990000 - 0x00007fff519b0000 	C:\WINDOWS\System32\win32u.dll
0x00007fff44280000 - 0x00007fff444e9000 	C:\WINDOWS\WinSxS\amd64_microsoft.windows.common-controls_6595b64144ccf1df_6.0.17134.1130_none_d3ff42617c90becf\COMCTL32.dll
0x00007fff53b60000 - 0x00007fff53b88000 	C:\WINDOWS\System32\GDI32.dll
0x00007fff511e0000 - 0x00007fff51371000 	C:\WINDOWS\System32\gdi32full.dll
0x00007fff535d0000 - 0x00007fff5366e000 	C:\WINDOWS\System32\msvcrt.dll
0x00007fff51380000 - 0x00007fff5141f000 	C:\WINDOWS\System32\msvcp_win.dll
0x00007fff51c00000 - 0x00007fff51f21000 	C:\WINDOWS\System32\combase.dll
0x00007fff4b8a0000 - 0x00007fff4b8b7000 	C:\Program Files\JetBrains\IntelliJ IDEA 2019.3.3\jbr\bin\VCRUNTIME140.dll
0x00007fff51ad0000 - 0x00007fff51bf4000 	C:\WINDOWS\System32\RPCRT4.dll
0x00007fff51160000 - 0x00007fff511d9000 	C:\WINDOWS\System32\bcryptPrimitives.dll
0x00007fff53bf0000 - 0x00007fff53c1d000 	C:\WINDOWS\System32\IMM32.DLL
0x00007fff1f4c0000 - 0x00007fff1f55d000 	C:\Program Files\JetBrains\IntelliJ IDEA 2019.3.3\jbr\bin\msvcp140.dll
0x00007fff13700000 - 0x00007fff141bb000 	C:\Program Files\JetBrains\IntelliJ IDEA 2019.3.3\jbr\bin\server\jvm.dll
0x00007fff53c20000 - 0x00007fff53cc1000 	C:\WINDOWS\System32\ADVAPI32.dll
0x00007fff53e60000 - 0x00007fff53ebb000 	C:\WINDOWS\System32\sechost.dll
0x00007fff51ac0000 - 0x00007fff51ac8000 	C:\WINDOWS\System32\PSAPI.DLL
0x00007fff3da60000 - 0x00007fff3da69000 	C:\WINDOWS\SYSTEM32\WSOCK32.dll
0x00007fff4c5a0000 - 0x00007fff4c5c3000 	C:\WINDOWS\SYSTEM32\WINMM.dll
0x00007fff4ac90000 - 0x00007fff4ac9a000 	C:\WINDOWS\SYSTEM32\VERSION.dll
0x00007fff53670000 - 0x00007fff536dc000 	C:\WINDOWS\System32\WS2_32.dll
0x00007fff4c4e0000 - 0x00007fff4c50a000 	C:\WINDOWS\SYSTEM32\WINMMBASE.dll
0x00007fff51a60000 - 0x00007fff51aa9000 	C:\WINDOWS\System32\cfgmgr32.dll
0x00007fff50970000 - 0x00007fff50981000 	C:\WINDOWS\System32\kernel.appcore.dll
0x00007fff4b900000 - 0x00007fff4b911000 	C:\Program Files\JetBrains\IntelliJ IDEA 2019.3.3\jbr\bin\verify.dll
0x00007fff4f360000 - 0x00007fff4f529000 	C:\WINDOWS\SYSTEM32\DBGHELP.DLL
0x00007fff3f690000 - 0x00007fff3f6b9000 	C:\WINDOWS\SYSTEM32\dbgcore.DLL
0x00007fff4b7f0000 - 0x00007fff4b819000 	C:\Program Files\JetBrains\IntelliJ IDEA 2019.3.3\jbr\bin\java.dll
0x00007fff4b730000 - 0x00007fff4b747000 	C:\Program Files\JetBrains\IntelliJ IDEA 2019.3.3\jbr\bin\zip.dll
0x00007fff4d810000 - 0x00007fff4d81b000 	C:\Program Files\JetBrains\IntelliJ IDEA 2019.3.3\jbr\bin\jimage.dll

dbghelp: loaded successfully - version: 4.0.5 - missing functions: none
symbol engine: initialized successfully - sym options: 0x614 - pdb path: .;C:\Program Files\JetBrains\IntelliJ IDEA 2019.3.3\jbr\bin;C:\WINDOWS\SYSTEM32;C:\WINDOWS\WinSxS\amd64_microsoft.windows.common-controls_6595b64144ccf1df_6.0.17134.1130_none_d3ff42617c90becf;C:\Program Files\JetBrains\IntelliJ IDEA 2019.3.3\jbr\bin\server

VM Arguments:
java_command: org.jetbrains.git4idea.http.GitAskPassApp Username for 'https://github.com': 
java_class_path (initial): C:/Program Files/JetBrains/IntelliJ IDEA 2019.3.3/plugins/git4idea/lib/git4idea-rt.jar;C:/Program Files/JetBrains/IntelliJ IDEA 2019.3.3/lib/xmlrpc-2.0.1.jar;C:/Program Files/JetBrains/IntelliJ IDEA 2019.3.3/lib/commons-codec-1.13.jar;C:/Program Files/JetBrains/IntelliJ IDEA 2019.3.3/lib/util.jar
Launcher Type: SUN_STANDARD

[Global flags]
     intx CICompilerCount                          = 4                                         {product} {ergonomic}
     uint ConcGCThreads                            = 2                                         {product} {ergonomic}
     uint G1ConcRefinementThreads                  = 8                                         {product} {ergonomic}
   size_t G1HeapRegionSize                         = 1048576                                   {product} {ergonomic}
    uintx GCDrainStackTargetSize                   = 64                                        {product} {ergonomic}
   size_t InitialHeapSize                          = 100663296                                 {product} {ergonomic}
   size_t MarkStackSize                            = 4194304                                   {product} {ergonomic}
   size_t MaxHeapSize                              = 1593835520                                {product} {ergonomic}
   size_t MinHeapDeltaBytes                        = 1048576                                   {product} {ergonomic}
    uintx NonNMethodCodeHeapSize                   = 5836300                                {pd product} {ergonomic}
    uintx NonProfiledCodeHeapSize                  = 122910970                              {pd product} {ergonomic}
    uintx ProfiledCodeHeapSize                     = 122910970                              {pd product} {ergonomic}
    uintx ReservedCodeCacheSize                    = 251658240                              {pd product} {ergonomic}
     bool SegmentedCodeCache                       = true                                      {product} {ergonomic}
     bool UseCompressedClassPointers               = true                                 {lp64_product} {ergonomic}
     bool UseCompressedOops                        = true                                 {lp64_product} {ergonomic}
     bool UseG1GC                                  = true                                      {product} {ergonomic}
     bool UseLargePagesIndividualAllocation        = false                                  {pd product} {ergonomic}

Logging:
Log output configuration:
 #0: stdout all=warning uptime,level,tags
 #1: stderr all=off uptime,level,tags

Environment Variables:
JAVA_HOME=D:\Java\jdk1.8.0_162
PATH=D:\Git\mingw64\libexec\git-core;D:\Git\mingw64\libexec\git-core;D:\Git\mingw64\bin;D:\Git\usr\bin;C:\Users\95316\bin;D:\Java\jdk1.8.0_162\bi;.;D:\Java\jdk1.8.0_162\bin;C:\ProgramData\Oracle\Java\javapath;C:\Program Files (x86)\Intel\iCLS Client;C:\Program Files\Intel\iCLS Client;C:\Windows\system32;C:\Windows;C:\Windows\System32\Wbem;C:\Windows\System32\WindowsPowerShell\v1.0;C:\Program Files (x86)\Common Files\lenovo\easyplussdk\bin;C:\Program Files (x86)\Intel\Intel(R) Management Engine Components\DAL;C:\Program Files\Intel\Intel(R) Management Engine Components\DAL;C:\Program Files (x86)\Intel\Intel(R) Management Engine Components\IPT;C:\Program Files\Intel\Intel(R) Management Engine Components\IPT;C:\Program Files (x86)\NVIDIA Corporation\PhysX\Common;C:\Program Files\Intel\WiFi\bin;C:\Program Files\Common Files\Intel\WirelessCommon;C:\WINDOWS\system32;C:\WINDOWS;C:\WINDOWS\System32\Wbem;C:\WINDOWS\System32\WindowsPowerShell\v1.0;C:\WINDOWS\System32\OpenSSH;C:\Users\95316\AppData\Local\Programs\Python\Python35;D:\Git\cmd;C:\Program Files\MySQL\MySQL Server 5.7\bin;D:\C++\Tools\WinNT;D:\C++\MSDev98\Bin;D:\C++\Tools;D:\VC98\bin;C:\Users\95316\AppData\Local\Microsoft\WindowsApps;D:\Cmake\cmake-3.15.3-win64-x64\bin;%MYSQL_HOME%\bin
USERNAME=95316
DISPLAY=:0.0
OS=Windows_NT
PROCESSOR_IDENTIFIER=Intel64 Family 6 Model 94 Stepping 3, GenuineIntel



---------------  S Y S T E M  ---------------

OS: Windows 10 , 64 bit Build 17134 (10.0.17134.753)

CPU:total 8 (initial active 8) (4 cores per cpu, 2 threads per core) family 6 model 94 stepping 3, cmov, cx8, fxsr, mmx, sse, sse2, sse3, ssse3, sse4.1, sse4.2, popcnt, avx, avx2, aes, clmul, erms, rtm, 3dnowpref, lzcnt, ht, tsc, tscinvbit, bmi1, bmi2, adx, fma

Memory: 4k page, system-wide physical 6072M (761M free)
TotalPageFile size 6072M (AvailPageFile size 98M)
current process WorkingSet (physical memory assigned to process): 10M, peak: 10M
current process commit charge ("private bytes"): 60M, peak: 156M

vm_info: OpenJDK 64-Bit Server VM (11.0.5+10-b520.38) for windows-amd64 JRE (11.0.5+10-b520.38), built on Jan 23 2020 07:58:32 by "" with MS VC++ 14.0 (VS2015)

END.
